<?xml version="1.0" encoding="UTF-8"?>
<testng-results ignored="0" total="1" passed="1" failed="0" skipped="0">
  <reporter-output>
  </reporter-output>
  <suite started-at="2026-04-15T18:32:09 IST" name="My Suite" finished-at="2026-04-15T18:32:17 IST" duration-ms="7649">
    <groups>
    </groups>
    <test started-at="2026-04-15T18:32:09 IST" name="My Tests" finished-at="2026-04-15T18:32:17 IST" duration-ms="7649">
      <class name="com.test.seleniumproject.Test1">
        <test-method is-config="true" signature="setUp()[pri:0, instance:com.test.seleniumproject.Test1@2d3379b4]" started-at="2026-04-15T18:32:09 IST" name="setUp" finished-at="2026-04-15T18:32:14 IST" duration-ms="4536" status="PASS">
          <reporter-output>
          </reporter-output>
        </test-method> <!-- setUp -->
        <test-method signature="searchGoogleAndValidateTitle()[pri:0, instance:com.test.seleniumproject.Test1@2d3379b4]" started-at="2026-04-15T18:32:14 IST" name="searchGoogleAndValidateTitle" finished-at="2026-04-15T18:32:16 IST" duration-ms="2390" status="PASS">
          <reporter-output>
          </reporter-output>
        </test-method> <!-- searchGoogleAndValidateTitle -->
        <test-method is-config="true" signature="tearDown()[pri:0, instance:com.test.seleniumproject.Test1@2d3379b4]" started-at="2026-04-15T18:32:16 IST" name="tearDown" finished-at="2026-04-15T18:32:17 IST" duration-ms="625" status="PASS">
          <reporter-output>
          </reporter-output>
        </test-method> <!-- tearDown -->
      </class> <!-- com.test.seleniumproject.Test1 -->
    </test> <!-- My Tests -->
  </suite> <!-- My Suite -->
</testng-results>
