<?xml version="1.0" encoding="UTF-8"?>
<testng-results ignored="0" total="1" passed="1" failed="0" skipped="0">
  <reporter-output>
  </reporter-output>
  <suite started-at="2026-04-13T15:06:57 IST" name="Default suite" finished-at="2026-04-13T15:07:03 IST" duration-ms="5974">
    <groups>
    </groups>
    <test started-at="2026-04-13T15:06:57 IST" name="Default test" finished-at="2026-04-13T15:07:03 IST" duration-ms="5974">
      <class name="com.test.seleniumproject.Test1">
        <test-method signature="openGoogle()[pri:0, instance:com.test.seleniumproject.Test1@6771beb3]" started-at="2026-04-13T15:06:57 IST" name="openGoogle" finished-at="2026-04-13T15:07:03 IST" duration-ms="5898" status="PASS">
          <reporter-output>
          </reporter-output>
        </test-method> <!-- openGoogle -->
      </class> <!-- com.test.seleniumproject.Test1 -->
    </test> <!-- Default test -->
  </suite> <!-- Default suite -->
</testng-results>
