<?xml version="1.0" encoding="UTF-8"?>
<!-- Generated by org.testng.reporters.JUnitReportReporter -->
<testsuite hostname="Shishupal-Singh" failures="0" tests="1" name="com.test.seleniumproject.Test4" time="6.576" errors="0" timestamp="2026-04-16T13:41:32 IST" skipped="0">
  <testcase classname="com.test.seleniumproject.Test4" name="launchBrowserAndTest" time="6.576">
    <system-out>
      <![CDATA[Test started
Browser launched successfully
Navigated to Google
Browser maximized
Entered text in search box
Browser closed
Test completed]]>
    </system-out>
  </testcase> <!-- launchBrowserAndTest -->
  <system-out>
    <![CDATA[Test started
Browser launched successfully
Navigated to Google
Browser maximized
Entered text in search box
Browser closed
Test completed]]>
  </system-out>
</testsuite> <!-- com.test.seleniumproject.Test4 -->
